android/build/app/intermediates/manifest_merge_blame_file/debug/processDebugMainManifest/manifest-merger-blame-debug-report.txt
1<?xml version="1.0" encoding="utf-8"?>
2<manifest xmlns:android="http://schemas.android.com/apk/res/android"
3    package="com.example.green_rewards_v1"
4    android:minSdkVersion="23"
5    android:versionCode="1"
6    android:versionName="0.1.0" >
7
8    <uses-sdk
9        android:minSdkVersion="23"
10        android:targetSdkVersion="35" />
11    <!--
12         The INTERNET permission is required for development. Specifically,
13         the Flutter tool needs it to communicate with the running application
14         to allow setting breakpoints, to provide hot reload, etc.
15    -->
16    <uses-permission android:name="android.permission.INTERNET" />
16-->src\main\AndroidManifest.xml:54:5-66
16-->src\main\AndroidManifest.xml:54:22-64
17    <!--
18     Required to query activities that can process text, see:
19         https://developer.android.com/training/package-visibility and
20         https://developer.android.com/reference/android/content/Intent#ACTION_PROCESS_TEXT.
21         In particular, this is used by the Flutter engine in io.flutter.plugin.text.ProcessTextPlugin.
22    -->
23    <queries>
23-->src\main\AndroidManifest.xml:59:5-64:15
24        <intent>
24-->src\main\AndroidManifest.xml:60:9-63:18
25            <action android:name="android.intent.action.PROCESS_TEXT" />
25-->src\main\AndroidManifest.xml:61:13-72
25-->src\main\AndroidManifest.xml:61:21-70
26
27            <data android:mimeType="text/plain" />
27-->src\main\AndroidManifest.xml:62:13-50
27-->src\main\AndroidManifest.xml:62:19-48
28        </intent>
29
30        <package android:name="com.facebook.katana" />
30-->[com.facebook.android:facebook-common:18.0.3] AndroidManifest.xml:16:9-55
30-->[com.facebook.android:facebook-common:18.0.3] AndroidManifest.xml:16:18-52
31    </queries>
32
33    <uses-permission android:name="android.permission.ACCESS_NETWORK_STATE" />
33-->[com.google.firebase:firebase-auth:23.2.1] AndroidManifest.xml:26:5-79
33-->[com.google.firebase:firebase-auth:23.2.1] AndroidManifest.xml:26:22-76
34    <uses-permission android:name="com.google.android.providers.gsf.permission.READ_GSERVICES" />
34-->[com.google.android.recaptcha:recaptcha:18.6.1] AndroidManifest.xml:9:5-98
34-->[com.google.android.recaptcha:recaptcha:18.6.1] AndroidManifest.xml:9:22-95
35    <uses-permission android:name="com.google.android.gms.permission.AD_ID" /> <!-- Support for Google Privacy Sandbox adservices API -->
35-->[com.facebook.android:facebook-core:18.0.3] AndroidManifest.xml:14:5-79
35-->[com.facebook.android:facebook-core:18.0.3] AndroidManifest.xml:14:22-76
36    <uses-permission android:name="android.permission.ACCESS_ADSERVICES_ATTRIBUTION" />
36-->[com.facebook.android:facebook-core:18.0.3] AndroidManifest.xml:16:5-88
36-->[com.facebook.android:facebook-core:18.0.3] AndroidManifest.xml:16:22-85
37    <uses-permission android:name="android.permission.ACCESS_ADSERVICES_AD_ID" />
37-->[com.facebook.android:facebook-core:18.0.3] AndroidManifest.xml:17:5-82
37-->[com.facebook.android:facebook-core:18.0.3] AndroidManifest.xml:17:22-79
38    <uses-permission android:name="android.permission.ACCESS_ADSERVICES_CUSTOM_AUDIENCE" />
38-->[com.facebook.android:facebook-core:18.0.3] AndroidManifest.xml:18:5-92
38-->[com.facebook.android:facebook-core:18.0.3] AndroidManifest.xml:18:22-89
39    <uses-permission android:name="android.permission.ACCESS_ADSERVICES_TOPICS" />
39-->[com.facebook.android:facebook-core:18.0.3] AndroidManifest.xml:19:5-83
39-->[com.facebook.android:facebook-core:18.0.3] AndroidManifest.xml:19:22-80
40    <uses-permission android:name="android.permission.USE_BIOMETRIC" /> <!-- suppress DeprecatedClassUsageInspection -->
40-->[androidx.biometric:biometric:1.1.0] AndroidManifest.xml:24:5-72
40-->[androidx.biometric:biometric:1.1.0] AndroidManifest.xml:24:22-69
41    <uses-permission android:name="android.permission.USE_FINGERPRINT" />
41-->[androidx.biometric:biometric:1.1.0] AndroidManifest.xml:27:5-74
41-->[androidx.biometric:biometric:1.1.0] AndroidManifest.xml:27:22-71
42
43    <permission
43-->[androidx.core:core:1.15.0] AndroidManifest.xml:22:5-24:47
44        android:name="com.example.green_rewards_v1.DYNAMIC_RECEIVER_NOT_EXPORTED_PERMISSION"
44-->[androidx.core:core:1.15.0] AndroidManifest.xml:23:9-81
45        android:protectionLevel="signature" />
45-->[androidx.core:core:1.15.0] AndroidManifest.xml:24:9-44
46
47    <uses-permission android:name="com.example.green_rewards_v1.DYNAMIC_RECEIVER_NOT_EXPORTED_PERMISSION" />
47-->[androidx.core:core:1.15.0] AndroidManifest.xml:26:5-97
47-->[androidx.core:core:1.15.0] AndroidManifest.xml:26:22-94
48    <uses-permission android:name="com.google.android.finsky.permission.BIND_GET_INSTALL_REFERRER_SERVICE" />
48-->[com.android.installreferrer:installreferrer:1.0] AndroidManifest.xml:9:5-110
48-->[com.android.installreferrer:installreferrer:1.0] AndroidManifest.xml:9:22-107
49
50    <application
51        android:name="android.app.Application"
52        android:appComponentFactory="androidx.core.app.CoreComponentFactory"
52-->[androidx.core:core:1.15.0] AndroidManifest.xml:28:18-86
53        android:debuggable="true"
54        android:extractNativeLibs="false"
55        android:icon="@mipmap/ic_launcher"
56        android:label="green_rewards_v1"
57        android:supportsRtl="true" >
57-->[com.facebook.android:facebook-login:18.0.3] AndroidManifest.xml:14:18-44
58        <activity
59            android:name="com.example.green_rewards_v1.MainActivity"
60            android:configChanges="orientation|keyboardHidden|keyboard|screenSize|smallestScreenSize|locale|layoutDirection|fontScale|screenLayout|density|uiMode"
61            android:exported="true"
62            android:hardwareAccelerated="true"
63            android:launchMode="singleTop"
64            android:taskAffinity=""
65            android:theme="@style/LaunchTheme"
66            android:windowSoftInputMode="adjustResize" >
67
68            <!--
69                 Specifies an Android theme to apply to this Activity as soon as
70                 the Android process has started. This theme is visible to the user
71                 while the Flutter UI initializes. After that, this theme continues
72                 to determine the Window background behind the Flutter UI.
73            -->
74            <meta-data
75                android:name="io.flutter.embedding.android.NormalTheme"
76                android:resource="@style/NormalTheme" />
77
78            <intent-filter>
79                <action android:name="android.intent.action.MAIN" />
80
81                <category android:name="android.intent.category.LAUNCHER" />
82            </intent-filter>
83        </activity>
84        <!-- Facebook Login Configuration -->
85        <meta-data
86            android:name="com.facebook.sdk.ApplicationId"
87            android:value="@string/facebook_app_id" />
88
89        <activity
90            android:name="com.facebook.FacebookActivity"
91            android:configChanges="keyboard|keyboardHidden|screenLayout|screenSize|orientation"
92            android:label="@string/app_name"
93            android:theme="@style/com_facebook_activity_theme" />
93-->[com.facebook.android:facebook-common:18.0.3] AndroidManifest.xml:23:13-63
94        <activity
95            android:name="com.facebook.CustomTabActivity"
96            android:exported="true" >
97            <intent-filter>
98                <action android:name="android.intent.action.VIEW" />
98-->[com.google.firebase:firebase-auth:23.2.1] AndroidManifest.xml:36:17-69
98-->[com.google.firebase:firebase-auth:23.2.1] AndroidManifest.xml:36:25-66
99
100                <category android:name="android.intent.category.DEFAULT" />
100-->[com.google.firebase:firebase-auth:23.2.1] AndroidManifest.xml:38:17-76
100-->[com.google.firebase:firebase-auth:23.2.1] AndroidManifest.xml:38:27-73
101                <category android:name="android.intent.category.BROWSABLE" />
101-->[com.google.firebase:firebase-auth:23.2.1] AndroidManifest.xml:39:17-78
101-->[com.google.firebase:firebase-auth:23.2.1] AndroidManifest.xml:39:27-75
102
103                <data android:scheme="@string/fb_login_protocol_scheme" />
103-->src\main\AndroidManifest.xml:62:13-50
104            </intent-filter>
105            <intent-filter>
105-->[com.facebook.android:facebook-common:18.0.3] AndroidManifest.xml:29:13-38:29
106                <action android:name="android.intent.action.VIEW" />
106-->[com.google.firebase:firebase-auth:23.2.1] AndroidManifest.xml:36:17-69
106-->[com.google.firebase:firebase-auth:23.2.1] AndroidManifest.xml:36:25-66
107
108                <category android:name="android.intent.category.DEFAULT" />
108-->[com.google.firebase:firebase-auth:23.2.1] AndroidManifest.xml:38:17-76
108-->[com.google.firebase:firebase-auth:23.2.1] AndroidManifest.xml:38:27-73
109                <category android:name="android.intent.category.BROWSABLE" />
109-->[com.google.firebase:firebase-auth:23.2.1] AndroidManifest.xml:39:17-78
109-->[com.google.firebase:firebase-auth:23.2.1] AndroidManifest.xml:39:27-75
110
111                <data
111-->src\main\AndroidManifest.xml:62:13-50
112                    android:host="cct.com.example.green_rewards_v1"
113                    android:scheme="fbconnect" />
114            </intent-filter>
115        </activity>
116        <!--
117             Don't delete the meta-data below.
118             This is used by the Flutter tool to generate GeneratedPluginRegistrant.java
119        -->
120        <meta-data
121            android:name="flutterEmbedding"
122            android:value="2" />
123
124        <service
124-->[:cloud_firestore] AndroidManifest.xml:8:9-12:19
125            android:name="com.google.firebase.components.ComponentDiscoveryService"
125-->[:cloud_firestore] AndroidManifest.xml:8:18-89
126            android:directBootAware="true"
126-->[com.google.firebase:firebase-common:21.0.0] AndroidManifest.xml:32:13-43
127            android:exported="false" >
127-->[com.google.firebase:firebase-auth:23.2.1] AndroidManifest.xml:68:13-37
128            <meta-data
128-->[:cloud_firestore] AndroidManifest.xml:9:13-11:85
129                android:name="com.google.firebase.components:io.flutter.plugins.firebase.firestore.FlutterFirebaseFirestoreRegistrar"
129-->[:cloud_firestore] AndroidManifest.xml:10:17-134
130                android:value="com.google.firebase.components.ComponentRegistrar" />
130-->[:cloud_firestore] AndroidManifest.xml:11:17-82
131            <meta-data
131-->[:firebase_auth] AndroidManifest.xml:9:13-11:85
132                android:name="com.google.firebase.components:io.flutter.plugins.firebase.auth.FlutterFirebaseAuthRegistrar"
132-->[:firebase_auth] AndroidManifest.xml:10:17-124
133                android:value="com.google.firebase.components.ComponentRegistrar" />
133-->[:firebase_auth] AndroidManifest.xml:11:17-82
134            <meta-data
134-->[:firebase_core] AndroidManifest.xml:9:13-11:85
135                android:name="com.google.firebase.components:io.flutter.plugins.firebase.core.FlutterFirebaseCoreRegistrar"
135-->[:firebase_core] AndroidManifest.xml:10:17-124
136                android:value="com.google.firebase.components.ComponentRegistrar" />
136-->[:firebase_core] AndroidManifest.xml:11:17-82
137            <meta-data
137-->[com.google.firebase:firebase-auth:23.2.1] AndroidManifest.xml:69:13-71:85
138                android:name="com.google.firebase.components:com.google.firebase.auth.FirebaseAuthRegistrar"
138-->[com.google.firebase:firebase-auth:23.2.1] AndroidManifest.xml:70:17-109
139                android:value="com.google.firebase.components.ComponentRegistrar" />
139-->[com.google.firebase:firebase-auth:23.2.1] AndroidManifest.xml:71:17-82
140            <meta-data
140-->[com.google.firebase:firebase-firestore:25.1.4] AndroidManifest.xml:17:13-19:85
141                android:name="com.google.firebase.components:com.google.firebase.firestore.FirebaseFirestoreKtxRegistrar"
141-->[com.google.firebase:firebase-firestore:25.1.4] AndroidManifest.xml:18:17-122
142                android:value="com.google.firebase.components.ComponentRegistrar" />
142-->[com.google.firebase:firebase-firestore:25.1.4] AndroidManifest.xml:19:17-82
143            <meta-data
143-->[com.google.firebase:firebase-firestore:25.1.4] AndroidManifest.xml:20:13-22:85
144                android:name="com.google.firebase.components:com.google.firebase.firestore.FirestoreRegistrar"
144-->[com.google.firebase:firebase-firestore:25.1.4] AndroidManifest.xml:21:17-111
145                android:value="com.google.firebase.components.ComponentRegistrar" />
145-->[com.google.firebase:firebase-firestore:25.1.4] AndroidManifest.xml:22:17-82
146            <meta-data
146-->[com.google.firebase:firebase-common-ktx:21.0.0] AndroidManifest.xml:12:13-14:85
147                android:name="com.google.firebase.components:com.google.firebase.ktx.FirebaseCommonLegacyRegistrar"
147-->[com.google.firebase:firebase-common-ktx:21.0.0] AndroidManifest.xml:13:17-116
148                android:value="com.google.firebase.components.ComponentRegistrar" />
148-->[com.google.firebase:firebase-common-ktx:21.0.0] AndroidManifest.xml:14:17-82
149            <meta-data
149-->[com.google.firebase:firebase-common:21.0.0] AndroidManifest.xml:35:13-37:85
150                android:name="com.google.firebase.components:com.google.firebase.FirebaseCommonKtxRegistrar"
150-->[com.google.firebase:firebase-common:21.0.0] AndroidManifest.xml:36:17-109
151                android:value="com.google.firebase.components.ComponentRegistrar" />
151-->[com.google.firebase:firebase-common:21.0.0] AndroidManifest.xml:37:17-82
152        </service>
153
154        <activity
154-->[com.google.firebase:firebase-auth:23.2.1] AndroidManifest.xml:29:9-46:20
155            android:name="com.google.firebase.auth.internal.GenericIdpActivity"
155-->[com.google.firebase:firebase-auth:23.2.1] AndroidManifest.xml:30:13-80
156            android:excludeFromRecents="true"
156-->[com.google.firebase:firebase-auth:23.2.1] AndroidManifest.xml:31:13-46
157            android:exported="true"
157-->[com.google.firebase:firebase-auth:23.2.1] AndroidManifest.xml:32:13-36
158            android:launchMode="singleTask"
158-->[com.google.firebase:firebase-auth:23.2.1] AndroidManifest.xml:33:13-44
159            android:theme="@android:style/Theme.Translucent.NoTitleBar" >
159-->[com.google.firebase:firebase-auth:23.2.1] AndroidManifest.xml:34:13-72
160            <intent-filter>
160-->[com.google.firebase:firebase-auth:23.2.1] AndroidManifest.xml:35:13-45:29
161                <action android:name="android.intent.action.VIEW" />
161-->[com.google.firebase:firebase-auth:23.2.1] AndroidManifest.xml:36:17-69
161-->[com.google.firebase:firebase-auth:23.2.1] AndroidManifest.xml:36:25-66
162
163                <category android:name="android.intent.category.DEFAULT" />
163-->[com.google.firebase:firebase-auth:23.2.1] AndroidManifest.xml:38:17-76
163-->[com.google.firebase:firebase-auth:23.2.1] AndroidManifest.xml:38:27-73
164                <category android:name="android.intent.category.BROWSABLE" />
164-->[com.google.firebase:firebase-auth:23.2.1] AndroidManifest.xml:39:17-78
164-->[com.google.firebase:firebase-auth:23.2.1] AndroidManifest.xml:39:27-75
165
166                <data
166-->src\main\AndroidManifest.xml:62:13-50
167                    android:host="firebase.auth"
168                    android:path="/"
169                    android:scheme="genericidp" />
170            </intent-filter>
171        </activity>
172        <activity
172-->[com.google.firebase:firebase-auth:23.2.1] AndroidManifest.xml:47:9-64:20
173            android:name="com.google.firebase.auth.internal.RecaptchaActivity"
173-->[com.google.firebase:firebase-auth:23.2.1] AndroidManifest.xml:48:13-79
174            android:excludeFromRecents="true"
174-->[com.google.firebase:firebase-auth:23.2.1] AndroidManifest.xml:49:13-46
175            android:exported="true"
175-->[com.google.firebase:firebase-auth:23.2.1] AndroidManifest.xml:50:13-36
176            android:launchMode="singleTask"
176-->[com.google.firebase:firebase-auth:23.2.1] AndroidManifest.xml:51:13-44
177            android:theme="@android:style/Theme.Translucent.NoTitleBar" >
177-->[com.google.firebase:firebase-auth:23.2.1] AndroidManifest.xml:52:13-72
178            <intent-filter>
178-->[com.google.firebase:firebase-auth:23.2.1] AndroidManifest.xml:53:13-63:29
179                <action android:name="android.intent.action.VIEW" />
179-->[com.google.firebase:firebase-auth:23.2.1] AndroidManifest.xml:36:17-69
179-->[com.google.firebase:firebase-auth:23.2.1] AndroidManifest.xml:36:25-66
180
181                <category android:name="android.intent.category.DEFAULT" />
181-->[com.google.firebase:firebase-auth:23.2.1] AndroidManifest.xml:38:17-76
181-->[com.google.firebase:firebase-auth:23.2.1] AndroidManifest.xml:38:27-73
182                <category android:name="android.intent.category.BROWSABLE" />
182-->[com.google.firebase:firebase-auth:23.2.1] AndroidManifest.xml:39:17-78
182-->[com.google.firebase:firebase-auth:23.2.1] AndroidManifest.xml:39:27-75
183
184                <data
184-->src\main\AndroidManifest.xml:62:13-50
185                    android:host="firebase.auth"
186                    android:path="/"
187                    android:scheme="recaptcha" />
188            </intent-filter>
189        </activity>
190
191        <service
191-->[androidx.credentials:credentials-play-services-auth:1.5.0] AndroidManifest.xml:24:9-32:19
192            android:name="androidx.credentials.playservices.CredentialProviderMetadataHolder"
192-->[androidx.credentials:credentials-play-services-auth:1.5.0] AndroidManifest.xml:25:13-94
193            android:enabled="true"
193-->[androidx.credentials:credentials-play-services-auth:1.5.0] AndroidManifest.xml:26:13-35
194            android:exported="false" >
194-->[androidx.credentials:credentials-play-services-auth:1.5.0] AndroidManifest.xml:27:13-37
195            <meta-data
195-->[androidx.credentials:credentials-play-services-auth:1.5.0] AndroidManifest.xml:29:13-31:104
196                android:name="androidx.credentials.CREDENTIAL_PROVIDER_KEY"
196-->[androidx.credentials:credentials-play-services-auth:1.5.0] AndroidManifest.xml:30:17-76
197                android:value="androidx.credentials.playservices.CredentialProviderPlayServicesImpl" />
197-->[androidx.credentials:credentials-play-services-auth:1.5.0] AndroidManifest.xml:31:17-101
198        </service>
199
200        <activity
200-->[androidx.credentials:credentials-play-services-auth:1.5.0] AndroidManifest.xml:34:9-41:20
201            android:name="androidx.credentials.playservices.HiddenActivity"
201-->[androidx.credentials:credentials-play-services-auth:1.5.0] AndroidManifest.xml:35:13-76
202            android:configChanges="orientation|screenSize|screenLayout|keyboardHidden"
202-->[androidx.credentials:credentials-play-services-auth:1.5.0] AndroidManifest.xml:36:13-87
203            android:enabled="true"
203-->[androidx.credentials:credentials-play-services-auth:1.5.0] AndroidManifest.xml:37:13-35
204            android:exported="false"
204-->[androidx.credentials:credentials-play-services-auth:1.5.0] AndroidManifest.xml:38:13-37
205            android:fitsSystemWindows="true"
205-->[androidx.credentials:credentials-play-services-auth:1.5.0] AndroidManifest.xml:39:13-45
206            android:theme="@style/Theme.Hidden" >
206-->[androidx.credentials:credentials-play-services-auth:1.5.0] AndroidManifest.xml:40:13-48
207        </activity>
208        <activity
208-->[androidx.credentials:credentials-play-services-auth:1.5.0] AndroidManifest.xml:42:9-49:20
209            android:name="androidx.credentials.playservices.IdentityCredentialApiHiddenActivity"
209-->[androidx.credentials:credentials-play-services-auth:1.5.0] AndroidManifest.xml:43:13-97
210            android:configChanges="orientation|screenSize|screenLayout|keyboardHidden"
210-->[androidx.credentials:credentials-play-services-auth:1.5.0] AndroidManifest.xml:44:13-87
211            android:enabled="true"
211-->[androidx.credentials:credentials-play-services-auth:1.5.0] AndroidManifest.xml:45:13-35
212            android:exported="false"
212-->[androidx.credentials:credentials-play-services-auth:1.5.0] AndroidManifest.xml:46:13-37
213            android:fitsSystemWindows="true"
213-->[androidx.credentials:credentials-play-services-auth:1.5.0] AndroidManifest.xml:47:13-45
214            android:theme="@style/Theme.Hidden" >
214-->[androidx.credentials:credentials-play-services-auth:1.5.0] AndroidManifest.xml:48:13-48
215        </activity>
216
217        <provider
217-->[com.google.firebase:firebase-common:21.0.0] AndroidManifest.xml:23:9-28:39
218            android:name="com.google.firebase.provider.FirebaseInitProvider"
218-->[com.google.firebase:firebase-common:21.0.0] AndroidManifest.xml:24:13-77
219            android:authorities="com.example.green_rewards_v1.firebaseinitprovider"
219-->[com.google.firebase:firebase-common:21.0.0] AndroidManifest.xml:25:13-72
220            android:directBootAware="true"
220-->[com.google.firebase:firebase-common:21.0.0] AndroidManifest.xml:26:13-43
221            android:exported="false"
221-->[com.google.firebase:firebase-common:21.0.0] AndroidManifest.xml:27:13-37
222            android:initOrder="100" />
222-->[com.google.firebase:firebase-common:21.0.0] AndroidManifest.xml:28:13-36
223
224        <activity
224-->[com.google.android.gms:play-services-auth:21.3.0] AndroidManifest.xml:23:9-27:75
225            android:name="com.google.android.gms.auth.api.signin.internal.SignInHubActivity"
225-->[com.google.android.gms:play-services-auth:21.3.0] AndroidManifest.xml:24:13-93
226            android:excludeFromRecents="true"
226-->[com.google.android.gms:play-services-auth:21.3.0] AndroidManifest.xml:25:13-46
227            android:exported="false"
227-->[com.google.android.gms:play-services-auth:21.3.0] AndroidManifest.xml:26:13-37
228            android:theme="@android:style/Theme.Translucent.NoTitleBar" />
228-->[com.google.android.gms:play-services-auth:21.3.0] AndroidManifest.xml:27:13-72
229        <!--
230            Service handling Google Sign-In user revocation. For apps that do not integrate with
231            Google Sign-In, this service will never be started.
232        -->
233        <service
233-->[com.google.android.gms:play-services-auth:21.3.0] AndroidManifest.xml:33:9-37:51
234            android:name="com.google.android.gms.auth.api.signin.RevocationBoundService"
234-->[com.google.android.gms:play-services-auth:21.3.0] AndroidManifest.xml:34:13-89
235            android:exported="true"
235-->[com.google.android.gms:play-services-auth:21.3.0] AndroidManifest.xml:35:13-36
236            android:permission="com.google.android.gms.auth.api.signin.permission.REVOCATION_NOTIFICATION"
236-->[com.google.android.gms:play-services-auth:21.3.0] AndroidManifest.xml:36:13-107
237            android:visibleToInstantApps="true" />
237-->[com.google.android.gms:play-services-auth:21.3.0] AndroidManifest.xml:37:13-48
238
239        <activity
239-->[com.google.android.gms:play-services-base:18.5.0] AndroidManifest.xml:5:9-173
240            android:name="com.google.android.gms.common.api.GoogleApiActivity"
240-->[com.google.android.gms:play-services-base:18.5.0] AndroidManifest.xml:5:19-85
241            android:exported="false"
241-->[com.google.android.gms:play-services-base:18.5.0] AndroidManifest.xml:5:146-170
242            android:theme="@android:style/Theme.Translucent.NoTitleBar" />
242-->[com.google.android.gms:play-services-base:18.5.0] AndroidManifest.xml:5:86-145
243        <activity android:name="com.facebook.CustomTabMainActivity" />
243-->[com.facebook.android:facebook-common:18.0.3] AndroidManifest.xml:24:9-71
243-->[com.facebook.android:facebook-common:18.0.3] AndroidManifest.xml:24:19-68
244
245        <uses-library
245-->[androidx.window:window:1.2.0] AndroidManifest.xml:23:9-25:40
246            android:name="androidx.window.extensions"
246-->[androidx.window:window:1.2.0] AndroidManifest.xml:24:13-54
247            android:required="false" />
247-->[androidx.window:window:1.2.0] AndroidManifest.xml:25:13-37
248        <uses-library
248-->[androidx.window:window:1.2.0] AndroidManifest.xml:26:9-28:40
249            android:name="androidx.window.sidecar"
249-->[androidx.window:window:1.2.0] AndroidManifest.xml:27:13-51
250            android:required="false" />
250-->[androidx.window:window:1.2.0] AndroidManifest.xml:28:13-37
251        <!--
252         The initialization ContentProvider will call FacebookSdk.sdkInitialize automatically
253         with the application context. This config is merged in with the host app's manifest,
254         but there can only be one provider with the same authority activated at any given
255         point; so if the end user has two or more different apps that use Facebook SDK, only the
256         first one will be able to use the provider. To work around this problem, we use the
257         following placeholder in the authority to identify each host application as if it was
258         a completely different provider.
259        -->
260        <provider
260-->[com.facebook.android:facebook-core:18.0.3] AndroidManifest.xml:32:9-35:40
261            android:name="com.facebook.internal.FacebookInitProvider"
261-->[com.facebook.android:facebook-core:18.0.3] AndroidManifest.xml:33:13-70
262            android:authorities="com.example.green_rewards_v1.FacebookInitProvider"
262-->[com.facebook.android:facebook-core:18.0.3] AndroidManifest.xml:34:13-72
263            android:exported="false" />
263-->[com.facebook.android:facebook-core:18.0.3] AndroidManifest.xml:35:13-37
264
265        <receiver
265-->[com.facebook.android:facebook-core:18.0.3] AndroidManifest.xml:37:9-43:20
266            android:name="com.facebook.CurrentAccessTokenExpirationBroadcastReceiver"
266-->[com.facebook.android:facebook-core:18.0.3] AndroidManifest.xml:38:13-86
267            android:exported="false" >
267-->[com.facebook.android:facebook-core:18.0.3] AndroidManifest.xml:39:13-37
268            <intent-filter>
268-->[com.facebook.android:facebook-core:18.0.3] AndroidManifest.xml:40:13-42:29
269                <action android:name="com.facebook.sdk.ACTION_CURRENT_ACCESS_TOKEN_CHANGED" />
269-->[com.facebook.android:facebook-core:18.0.3] AndroidManifest.xml:41:17-95
269-->[com.facebook.android:facebook-core:18.0.3] AndroidManifest.xml:41:25-92
270            </intent-filter>
271        </receiver>
272        <receiver
272-->[com.facebook.android:facebook-core:18.0.3] AndroidManifest.xml:44:9-50:20
273            android:name="com.facebook.AuthenticationTokenManager$CurrentAuthenticationTokenChangedBroadcastReceiver"
273-->[com.facebook.android:facebook-core:18.0.3] AndroidManifest.xml:45:13-118
274            android:exported="false" >
274-->[com.facebook.android:facebook-core:18.0.3] AndroidManifest.xml:46:13-37
275            <intent-filter>
275-->[com.facebook.android:facebook-core:18.0.3] AndroidManifest.xml:47:13-49:29
276                <action android:name="com.facebook.sdk.ACTION_CURRENT_AUTHENTICATION_TOKEN_CHANGED" />
276-->[com.facebook.android:facebook-core:18.0.3] AndroidManifest.xml:48:17-103
276-->[com.facebook.android:facebook-core:18.0.3] AndroidManifest.xml:48:25-100
277            </intent-filter>
278        </receiver>
279
280        <provider
280-->[androidx.lifecycle:lifecycle-process:2.7.0] AndroidManifest.xml:24:9-32:20
281            android:name="androidx.startup.InitializationProvider"
281-->[androidx.lifecycle:lifecycle-process:2.7.0] AndroidManifest.xml:25:13-67
282            android:authorities="com.example.green_rewards_v1.androidx-startup"
282-->[androidx.lifecycle:lifecycle-process:2.7.0] AndroidManifest.xml:26:13-68
283            android:exported="false" >
283-->[androidx.lifecycle:lifecycle-process:2.7.0] AndroidManifest.xml:27:13-37
284            <meta-data
284-->[androidx.lifecycle:lifecycle-process:2.7.0] AndroidManifest.xml:29:13-31:52
285                android:name="androidx.lifecycle.ProcessLifecycleInitializer"
285-->[androidx.lifecycle:lifecycle-process:2.7.0] AndroidManifest.xml:30:17-78
286                android:value="androidx.startup" />
286-->[androidx.lifecycle:lifecycle-process:2.7.0] AndroidManifest.xml:31:17-49
287            <meta-data
287-->[androidx.profileinstaller:profileinstaller:1.3.1] AndroidManifest.xml:29:13-31:52
288                android:name="androidx.profileinstaller.ProfileInstallerInitializer"
288-->[androidx.profileinstaller:profileinstaller:1.3.1] AndroidManifest.xml:30:17-85
289                android:value="androidx.startup" />
289-->[androidx.profileinstaller:profileinstaller:1.3.1] AndroidManifest.xml:31:17-49
290        </provider>
291
292        <meta-data
292-->[com.google.android.gms:play-services-basement:18.4.0] AndroidManifest.xml:6:9-122
293            android:name="com.google.android.gms.version"
293-->[com.google.android.gms:play-services-basement:18.4.0] AndroidManifest.xml:6:20-65
294            android:value="@integer/google_play_services_version" />
294-->[com.google.android.gms:play-services-basement:18.4.0] AndroidManifest.xml:6:66-119
295
296        <receiver
296-->[androidx.profileinstaller:profileinstaller:1.3.1] AndroidManifest.xml:34:9-52:20
297            android:name="androidx.profileinstaller.ProfileInstallReceiver"
297-->[androidx.profileinstaller:profileinstaller:1.3.1] AndroidManifest.xml:35:13-76
298            android:directBootAware="false"
298-->[androidx.profileinstaller:profileinstaller:1.3.1] AndroidManifest.xml:36:13-44
299            android:enabled="true"
299-->[androidx.profileinstaller:profileinstaller:1.3.1] AndroidManifest.xml:37:13-35
300            android:exported="true"